2021-06-16 11:25:31,142 - DEBUG - can config: {'bitrate': 500000, 'channel': 'can0', 'interface': 'socketcan'}
2021-06-16 11:25:31,143 - INFO - Created a socket
2021-06-16 11:25:31,143 - DEBUG - Binding socket to channel=can0
2021-06-16 11:25:31,143 - DEBUG - Bound socket.
2021-06-16 11:25:31,144 - DEBUG - can config: {'bitrate': 500000, 'channel': 'can0', 'interface': 'socketcan'}
2021-06-16 11:25:31,145 - INFO - Created a socket
2021-06-16 11:25:31,145 - DEBUG - Binding socket to channel=can0
2021-06-16 11:25:31,145 - DEBUG - Bound socket.
2021-06-16 11:25:31,165 - DEBUG - Sending BCM command
2021-06-16 12:12:31,935 - DEBUG - can config: {'bitrate': 500000, 'channel': 'can0', 'interface': 'socketcan'}
2021-06-16 12:12:31,939 - INFO - Created a socket
2021-06-16 12:12:31,940 - DEBUG - Binding socket to channel=can0
2021-06-16 12:12:31,942 - DEBUG - Bound socket.
2021-06-16 12:12:31,945 - DEBUG - can config: {'bitrate': 500000, 'channel': 'can0', 'interface': 'socketcan'}
2021-06-16 12:12:31,945 - INFO - Created a socket
2021-06-16 12:12:31,947 - DEBUG - Binding socket to channel=can0
2021-06-16 12:12:31,948 - DEBUG - Bound socket.
2021-06-16 12:12:31,964 - DEBUG - Sending BCM command
2021-06-16 12:14:23,058 - INFO - Received: 2
2021-06-16 12:14:23,058 - DEBUG - Received: 2
2021-06-16 12:14:24,244 - INFO - Received: 2
2021-06-16 12:14:24,249 - DEBUG - Received: 2
2021-06-16 12:14:24,628 - INFO - Received: 2
2021-06-16 12:14:24,648 - DEBUG - Received: 2
2021-06-16 12:14:25,119 - INFO - Received: 2
2021-06-16 12:14:25,158 - DEBUG - Received: 2
2021-06-16 12:14:25,320 - INFO - Received: 2
2021-06-16 12:14:25,408 - DEBUG - Received: 2
2021-06-16 12:14:25,558 - INFO - Received: 2
2021-06-16 12:14:25,558 - DEBUG - Received: 2
2021-06-16 12:14:25,738 - INFO - Received: 2
2021-06-16 12:14:25,875 - INFO - Received: 2
2021-06-16 12:14:25,920 - DEBUG - Received: 2
2021-06-16 12:14:26,235 - INFO - Received: 2
2021-06-16 12:14:26,238 - DEBUG - Received: 2
2021-06-16 12:14:26,428 - INFO - Received: 2
2021-06-16 12:14:26,618 - ERROR - reentrant call inside <_io.BufferedWriter name='<stderr>'>
2021-06-16 12:14:26,988 - INFO - Received: 2
2021-06-16 12:14:27,050 - DEBUG - Received: 2
2021-06-16 12:14:27,322 - INFO - Received: 2
2021-06-16 12:14:27,358 - DEBUG - Received: 2
2021-06-16 12:14:27,823 - INFO - Received: 2
2021-06-16 12:14:27,823 - DEBUG - Received: 2
